{"message":"Environment variables loaded into process.env.","level":"info"}
{"error":{"errno":-4058,"syscall":"stat","code":"ENOENT","path":"C:\\Users\\S536979\\Desktop\\mvc-app\\public\\images\\favicon.ico"},"level":"error","message":"uncaughtException: ENOENT: no such file or directory, stat 'C:\\Users\\S536979\\Desktop\\mvc-app\\public\\images\\favicon.ico'\nError: ENOENT: no such file or directory, stat 'C:\\Users\\S536979\\Desktop\\mvc-app\\public\\images\\favicon.ico'\n    at Object.statSync (fs.js:915:3)\n    at resolveSync (C:\\Users\\S536979\\Desktop\\mvc-app\\node_modules\\serve-favicon\\index.js:187:17)\n    at favicon (C:\\Users\\S536979\\Desktop\\mvc-app\\node_modules\\serve-favicon\\index.js:61:12)\n    at Object.<anonymous> (C:\\Users\\S536979\\Desktop\\mvc-app\\app.js:190:9)\n    at Module._compile (internal/modules/cjs/loader.js:956:30)\n    at Object.Module._extensions..js (internal/modules/cjs/loader.js:973:10)\n    at Module.load (internal/modules/cjs/loader.js:812:32)\n    at Function.Module._load (internal/modules/cjs/loader.js:724:14)\n    at Function.Module.runMain (internal/modules/cjs/loader.js:1025:10)\n    at internal/main/run_main_module.js:17:11","stack":"Error: ENOENT: no such file or directory, stat 'C:\\Users\\S536979\\Desktop\\mvc-app\\public\\images\\favicon.ico'\n    at Object.statSync (fs.js:915:3)\n    at resolveSync (C:\\Users\\S536979\\Desktop\\mvc-app\\node_modules\\serve-favicon\\index.js:187:17)\n    at favicon (C:\\Users\\S536979\\Desktop\\mvc-app\\node_modules\\serve-favicon\\index.js:61:12)\n    at Object.<anonymous> (C:\\Users\\S536979\\Desktop\\mvc-app\\app.js:190:9)\n    at Module._compile (internal/modules/cjs/loader.js:956:30)\n    at Object.Module._extensions..js (internal/modules/cjs/loader.js:973:10)\n    at Module.load (internal/modules/cjs/loader.js:812:32)\n    at Function.Module._load (internal/modules/cjs/loader.js:724:14)\n    at Function.Module.runMain (internal/modules/cjs/loader.js:1025:10)\n    at internal/main/run_main_module.js:17:11","exception":true,"date":"Tue Dec 03 2019 14:12:59 GMT-0600 (Central Standard Time)","process":{"pid":16988,"uid":null,"gid":null,"cwd":"C:\\Users\\S536979\\Desktop\\mvc-app","execPath":"C:\\Program Files\\nodejs\\node.exe","version":"v12.12.0","argv":["C:\\Program Files\\nodejs\\node.exe","C:\\Users\\S536979\\Desktop\\mvc-app\\app.js"],"memoryUsage":{"rss":50978816,"heapTotal":29876224,"heapUsed":19699128,"external":20019181}},"os":{"loadavg":[0,0,0],"uptime":1101955},"trace":[{"column":3,"file":"fs.js","function":"Object.statSync","line":915,"method":"statSync","native":false},{"column":17,"file":"C:\\Users\\S536979\\Desktop\\mvc-app\\node_modules\\serve-favicon\\index.js","function":"resolveSync","line":187,"method":null,"native":false},{"column":12,"file":"C:\\Users\\S536979\\Desktop\\mvc-app\\node_modules\\serve-favicon\\index.js","function":"favicon","line":61,"method":null,"native":false},{"column":9,"file":"C:\\Users\\S536979\\Desktop\\mvc-app\\app.js","function":null,"line":190,"method":null,"native":false},{"column":30,"file":"internal/modules/cjs/loader.js","function":"Module._compile","line":956,"method":"_compile","native":false},{"column":10,"file":"internal/modules/cjs/loader.js","function":"Module._extensions..js","line":973,"method":".js","native":false},{"column":32,"file":"internal/modules/cjs/loader.js","function":"Module.load","line":812,"method":"load","native":false},{"column":14,"file":"internal/modules/cjs/loader.js","function":"Module._load","line":724,"method":"_load","native":false},{"column":10,"file":"internal/modules/cjs/loader.js","function":"Module.runMain","line":1025,"method":"runMain","native":false},{"column":11,"file":"internal/main/run_main_module.js","function":null,"line":17,"method":null,"native":false}]}
{"message":"Running on 3004","level":"info"}
{"message":"Environment isProduction = true","level":"info"}
{"message":"MongoDB URL = mongodb+srv://Chinmayi:vaRdhana3420@cluster0-1x9kj.mongodb.net/test?retryWrites=true&w=majority","level":"info"}
{"message":"Environment variables loaded into process.env.","level":"info"}
{"error":{"errno":-4058,"syscall":"stat","code":"ENOENT","path":"C:\\Users\\S536979\\Desktop\\mvc-app\\public\\images\\favicon.ico"},"level":"error","message":"uncaughtException: ENOENT: no such file or directory, stat 'C:\\Users\\S536979\\Desktop\\mvc-app\\public\\images\\favicon.ico'\nError: ENOENT: no such file or directory, stat 'C:\\Users\\S536979\\Desktop\\mvc-app\\public\\images\\favicon.ico'\n    at Object.statSync (fs.js:915:3)\n    at resolveSync (C:\\Users\\S536979\\Desktop\\mvc-app\\node_modules\\serve-favicon\\index.js:187:17)\n    at favicon (C:\\Users\\S536979\\Desktop\\mvc-app\\node_modules\\serve-favicon\\index.js:61:12)\n    at Object.<anonymous> (C:\\Users\\S536979\\Desktop\\mvc-app\\app.js:190:9)\n    at Module._compile (internal/modules/cjs/loader.js:956:30)\n    at Object.Module._extensions..js (internal/modules/cjs/loader.js:973:10)\n    at Module.load (internal/modules/cjs/loader.js:812:32)\n    at Function.Module._load (internal/modules/cjs/loader.js:724:14)\n    at Function.Module.runMain (internal/modules/cjs/loader.js:1025:10)\n    at internal/main/run_main_module.js:17:11","stack":"Error: ENOENT: no such file or directory, stat 'C:\\Users\\S536979\\Desktop\\mvc-app\\public\\images\\favicon.ico'\n    at Object.statSync (fs.js:915:3)\n    at resolveSync (C:\\Users\\S536979\\Desktop\\mvc-app\\node_modules\\serve-favicon\\index.js:187:17)\n    at favicon (C:\\Users\\S536979\\Desktop\\mvc-app\\node_modules\\serve-favicon\\index.js:61:12)\n    at Object.<anonymous> (C:\\Users\\S536979\\Desktop\\mvc-app\\app.js:190:9)\n    at Module._compile (internal/modules/cjs/loader.js:956:30)\n    at Object.Module._extensions..js (internal/modules/cjs/loader.js:973:10)\n    at Module.load (internal/modules/cjs/loader.js:812:32)\n    at Function.Module._load (internal/modules/cjs/loader.js:724:14)\n    at Function.Module.runMain (internal/modules/cjs/loader.js:1025:10)\n    at internal/main/run_main_module.js:17:11","exception":true,"date":"Tue Dec 03 2019 14:34:56 GMT-0600 (Central Standard Time)","process":{"pid":14328,"uid":null,"gid":null,"cwd":"C:\\Users\\S536979\\Desktop\\mvc-app","execPath":"C:\\Program Files\\nodejs\\node.exe","version":"v12.12.0","argv":["C:\\Program Files\\nodejs\\node.exe","C:\\Users\\S536979\\Desktop\\mvc-app\\app.js"],"memoryUsage":{"rss":49831936,"heapTotal":30662656,"heapUsed":18937832,"external":19872890}},"os":{"loadavg":[0,0,0],"uptime":1103272},"trace":[{"column":3,"file":"fs.js","function":"Object.statSync","line":915,"method":"statSync","native":false},{"column":17,"file":"C:\\Users\\S536979\\Desktop\\mvc-app\\node_modules\\serve-favicon\\index.js","function":"resolveSync","line":187,"method":null,"native":false},{"column":12,"file":"C:\\Users\\S536979\\Desktop\\mvc-app\\node_modules\\serve-favicon\\index.js","function":"favicon","line":61,"method":null,"native":false},{"column":9,"file":"C:\\Users\\S536979\\Desktop\\mvc-app\\app.js","function":null,"line":190,"method":null,"native":false},{"column":30,"file":"internal/modules/cjs/loader.js","function":"Module._compile","line":956,"method":"_compile","native":false},{"column":10,"file":"internal/modules/cjs/loader.js","function":"Module._extensions..js","line":973,"method":".js","native":false},{"column":32,"file":"internal/modules/cjs/loader.js","function":"Module.load","line":812,"method":"load","native":false},{"column":14,"file":"internal/modules/cjs/loader.js","function":"Module._load","line":724,"method":"_load","native":false},{"column":10,"file":"internal/modules/cjs/loader.js","function":"Module.runMain","line":1025,"method":"runMain","native":false},{"column":11,"file":"internal/main/run_main_module.js","function":null,"line":17,"method":null,"native":false}]}
{"message":"Running on 3004","level":"info"}
{"message":"Environment isProduction = true","level":"info"}
{"message":"MongoDB URL = mongodb+srv://Chinmayi:vaRdhana3420@cluster0-1x9kj.mongodb.net/test?retryWrites=true&w=majority","level":"info"}
{"message":"Environment variables loaded into process.env.","level":"info"}
{"error":{"code":"MODULE_NOT_FOUND","requireStack":["C:\\Users\\S536979\\Desktop\\mvc-app\\app.js"]},"level":"error","message":"uncaughtException: Cannot find module './routes/index.js'\nRequire stack:\n- C:\\Users\\S536979\\Desktop\\mvc-app\\app.js\nError: Cannot find module './routes/index.js'\nRequire stack:\n- C:\\Users\\S536979\\Desktop\\mvc-app\\app.js\n    at Function.Module._resolveFilename (internal/modules/cjs/loader.js:794:15)\n    at Function.Module._load (internal/modules/cjs/loader.js:687:27)\n    at Module.require (internal/modules/cjs/loader.js:849:19)\n    at require (internal/modules/cjs/helpers.js:74:18)\n    at Object.<anonymous> (C:\\Users\\S536979\\Desktop\\mvc-app\\app.js:205:16)\n    at Module._compile (internal/modules/cjs/loader.js:956:30)\n    at Object.Module._extensions..js (internal/modules/cjs/loader.js:973:10)\n    at Module.load (internal/modules/cjs/loader.js:812:32)\n    at Function.Module._load (internal/modules/cjs/loader.js:724:14)\n    at Function.Module.runMain (internal/modules/cjs/loader.js:1025:10)\n    at internal/main/run_main_module.js:17:11","stack":"Error: Cannot find module './routes/index.js'\nRequire stack:\n- C:\\Users\\S536979\\Desktop\\mvc-app\\app.js\n    at Function.Module._resolveFilename (internal/modules/cjs/loader.js:794:15)\n    at Function.Module._load (internal/modules/cjs/loader.js:687:27)\n    at Module.require (internal/modules/cjs/loader.js:849:19)\n    at require (internal/modules/cjs/helpers.js:74:18)\n    at Object.<anonymous> (C:\\Users\\S536979\\Desktop\\mvc-app\\app.js:205:16)\n    at Module._compile (internal/modules/cjs/loader.js:956:30)\n    at Object.Module._extensions..js (internal/modules/cjs/loader.js:973:10)\n    at Module.load (internal/modules/cjs/loader.js:812:32)\n    at Function.Module._load (internal/modules/cjs/loader.js:724:14)\n    at Function.Module.runMain (internal/modules/cjs/loader.js:1025:10)\n    at internal/main/run_main_module.js:17:11","exception":true,"date":"Tue Dec 03 2019 14:39:11 GMT-0600 (Central Standard Time)","process":{"pid":9076,"uid":null,"gid":null,"cwd":"C:\\Users\\S536979\\Desktop\\mvc-app","execPath":"C:\\Program Files\\nodejs\\node.exe","version":"v12.12.0","argv":["C:\\Program Files\\nodejs\\node.exe","C:\\Users\\S536979\\Desktop\\mvc-app\\app.js"],"memoryUsage":{"rss":49573888,"heapTotal":30662656,"heapUsed":18955864,"external":19872890}},"os":{"loadavg":[0,0,0],"uptime":1103527},"trace":[{"column":15,"file":"internal/modules/cjs/loader.js","function":"Module._resolveFilename","line":794,"method":"_resolveFilename","native":false},{"column":27,"file":"internal/modules/cjs/loader.js","function":"Module._load","line":687,"method":"_load","native":false},{"column":19,"file":"internal/modules/cjs/loader.js","function":"Module.require","line":849,"method":"require","native":false},{"column":18,"file":"internal/modules/cjs/helpers.js","function":"require","line":74,"method":null,"native":false},{"column":16,"file":"C:\\Users\\S536979\\Desktop\\mvc-app\\app.js","function":null,"line":205,"method":null,"native":false},{"column":30,"file":"internal/modules/cjs/loader.js","function":"Module._compile","line":956,"method":"_compile","native":false},{"column":10,"file":"internal/modules/cjs/loader.js","function":"Module._extensions..js","line":973,"method":".js","native":false},{"column":32,"file":"internal/modules/cjs/loader.js","function":"Module.load","line":812,"method":"load","native":false},{"column":14,"file":"internal/modules/cjs/loader.js","function":"Module._load","line":724,"method":"_load","native":false},{"column":10,"file":"internal/modules/cjs/loader.js","function":"Module.runMain","line":1025,"method":"runMain","native":false},{"column":11,"file":"internal/main/run_main_module.js","function":null,"line":17,"method":null,"native":false}]}
{"message":"Running on 3004","level":"info"}
{"message":"Environment isProduction = true","level":"info"}
{"message":"MongoDB URL = mongodb+srv://Chinmayi:vaRdhana3420@cluster0-1x9kj.mongodb.net/test?retryWrites=true&w=majority","level":"info"}
{"message":"Environment variables loaded into process.env.","level":"info"}
{"message":"Running on 3004","level":"info"}
{"message":"Environment isProduction = true","level":"info"}
{"message":"MongoDB URL = mongodb+srv://Chinmayi:vaRdhana3420@cluster0-1x9kj.mongodb.net/test?retryWrites=true&w=majority","level":"info"}
{"message":"Loaded routing.","level":"info"}
{"message":"Environment variables loaded into process.env.","level":"info"}
{"error":{"code":"EADDRINUSE","errno":"EADDRINUSE","syscall":"listen","address":"::","port":3004},"level":"error","message":"uncaughtException: listen EADDRINUSE: address already in use :::3004\nError: listen EADDRINUSE: address already in use :::3004\n    at Server.setupListenHandle [as _listen2] (net.js:1300:14)\n    at listenInCluster (net.js:1348:12)\n    at Server.listen (net.js:1436:7)\n    at Function.listen (C:\\Users\\S536979\\Desktop\\mvc-app\\node_modules\\express\\lib\\application.js:618:24)\n    at Object.<anonymous> (C:\\Users\\S536979\\Desktop\\mvc-app\\app.js:215:5)\n    at Module._compile (internal/modules/cjs/loader.js:956:30)\n    at Object.Module._extensions..js (internal/modules/cjs/loader.js:973:10)\n    at Module.load (internal/modules/cjs/loader.js:812:32)\n    at Function.Module._load (internal/modules/cjs/loader.js:724:14)\n    at Function.Module.runMain (internal/modules/cjs/loader.js:1025:10)\n    at internal/main/run_main_module.js:17:11","stack":"Error: listen EADDRINUSE: address already in use :::3004\n    at Server.setupListenHandle [as _listen2] (net.js:1300:14)\n    at listenInCluster (net.js:1348:12)\n    at Server.listen (net.js:1436:7)\n    at Function.listen (C:\\Users\\S536979\\Desktop\\mvc-app\\node_modules\\express\\lib\\application.js:618:24)\n    at Object.<anonymous> (C:\\Users\\S536979\\Desktop\\mvc-app\\app.js:215:5)\n    at Module._compile (internal/modules/cjs/loader.js:956:30)\n    at Object.Module._extensions..js (internal/modules/cjs/loader.js:973:10)\n    at Module.load (internal/modules/cjs/loader.js:812:32)\n    at Function.Module._load (internal/modules/cjs/loader.js:724:14)\n    at Function.Module.runMain (internal/modules/cjs/loader.js:1025:10)\n    at internal/main/run_main_module.js:17:11","exception":true,"date":"Tue Dec 03 2019 14:54:42 GMT-0600 (Central Standard Time)","process":{"pid":5768,"uid":null,"gid":null,"cwd":"C:\\Users\\S536979\\Desktop\\mvc-app","execPath":"C:\\Program Files\\nodejs\\node.exe","version":"v12.12.0","argv":["C:\\Program Files\\nodejs\\node.exe","C:\\Users\\S536979\\Desktop\\mvc-app\\app.js"],"memoryUsage":{"rss":50991104,"heapTotal":31186944,"heapUsed":20003152,"external":20024476}},"os":{"loadavg":[0,0,0],"uptime":1104458},"trace":[{"column":14,"file":"net.js","function":"Server.setupListenHandle [as _listen2]","line":1300,"method":"setupListenHandle [as _listen2]","native":false},{"column":12,"file":"net.js","function":"listenInCluster","line":1348,"method":null,"native":false},{"column":7,"file":"net.js","function":"Server.listen","line":1436,"method":"listen","native":false},{"column":24,"file":"C:\\Users\\S536979\\Desktop\\mvc-app\\node_modules\\express\\lib\\application.js","function":"Function.listen","line":618,"method":"listen","native":false},{"column":5,"file":"C:\\Users\\S536979\\Desktop\\mvc-app\\app.js","function":null,"line":215,"method":null,"native":false},{"column":30,"file":"internal/modules/cjs/loader.js","function":"Module._compile","line":956,"method":"_compile","native":false},{"column":10,"file":"internal/modules/cjs/loader.js","function":"Module._extensions..js","line":973,"method":".js","native":false},{"column":32,"file":"internal/modules/cjs/loader.js","function":"Module.load","line":812,"method":"load","native":false},{"column":14,"file":"internal/modules/cjs/loader.js","function":"Module._load","line":724,"method":"_load","native":false},{"column":10,"file":"internal/modules/cjs/loader.js","function":"Module.runMain","line":1025,"method":"runMain","native":false},{"column":11,"file":"internal/main/run_main_module.js","function":null,"line":17,"method":null,"native":false}]}
{"message":"Running on 3004","level":"info"}
{"message":"Environment isProduction = true","level":"info"}
{"message":"MongoDB URL = mongodb+srv://Chinmayi:vaRdhana3420@cluster0-1x9kj.mongodb.net/test?retryWrites=true&w=majority","level":"info"}
{"message":"Loaded routing.","level":"info"}
{"message":"MongoDB event open","level":"info"}
{"message":"MongoDB connected mongodb+srv://Chinmayi:vaRdhana3420@cluster0-1x9kj.mongodb.net/test?retryWrites=true&w=majority\n","level":"info"}
{"message":"Seeding collection = course","level":"info"}
{"message":"Seeding collection = section","level":"info"}
{"message":"Seeding collection = student","level":"info"}
{"message":"Environment variables loaded into process.env.","level":"info"}
{"error":{"code":"EADDRINUSE","errno":"EADDRINUSE","syscall":"listen","address":"::","port":3004},"level":"error","message":"uncaughtException: listen EADDRINUSE: address already in use :::3004\nError: listen EADDRINUSE: address already in use :::3004\n    at Server.setupListenHandle [as _listen2] (net.js:1300:14)\n    at listenInCluster (net.js:1348:12)\n    at Server.listen (net.js:1436:7)\n    at Function.listen (C:\\Users\\S536979\\Desktop\\mvc-app\\node_modules\\express\\lib\\application.js:618:24)\n    at Object.<anonymous> (C:\\Users\\S536979\\Desktop\\mvc-app\\app.js:215:5)\n    at Module._compile (internal/modules/cjs/loader.js:956:30)\n    at Object.Module._extensions..js (internal/modules/cjs/loader.js:973:10)\n    at Module.load (internal/modules/cjs/loader.js:812:32)\n    at Function.Module._load (internal/modules/cjs/loader.js:724:14)\n    at Function.Module.runMain (internal/modules/cjs/loader.js:1025:10)\n    at internal/main/run_main_module.js:17:11","stack":"Error: listen EADDRINUSE: address already in use :::3004\n    at Server.setupListenHandle [as _listen2] (net.js:1300:14)\n    at listenInCluster (net.js:1348:12)\n    at Server.listen (net.js:1436:7)\n    at Function.listen (C:\\Users\\S536979\\Desktop\\mvc-app\\node_modules\\express\\lib\\application.js:618:24)\n    at Object.<anonymous> (C:\\Users\\S536979\\Desktop\\mvc-app\\app.js:215:5)\n    at Module._compile (internal/modules/cjs/loader.js:956:30)\n    at Object.Module._extensions..js (internal/modules/cjs/loader.js:973:10)\n    at Module.load (internal/modules/cjs/loader.js:812:32)\n    at Function.Module._load (internal/modules/cjs/loader.js:724:14)\n    at Function.Module.runMain (internal/modules/cjs/loader.js:1025:10)\n    at internal/main/run_main_module.js:17:11","exception":true,"date":"Tue Dec 03 2019 15:00:00 GMT-0600 (Central Standard Time)","process":{"pid":16240,"uid":null,"gid":null,"cwd":"C:\\Users\\S536979\\Desktop\\mvc-app","execPath":"C:\\Program Files\\nodejs\\node.exe","version":"v12.12.0","argv":["C:\\Program Files\\nodejs\\node.exe","C:\\Users\\S536979\\Desktop\\mvc-app\\app.js"],"memoryUsage":{"rss":51511296,"heapTotal":31186944,"heapUsed":20241776,"external":20051782}},"os":{"loadavg":[0,0,0],"uptime":1104775},"trace":[{"column":14,"file":"net.js","function":"Server.setupListenHandle [as _listen2]","line":1300,"method":"setupListenHandle [as _listen2]","native":false},{"column":12,"file":"net.js","function":"listenInCluster","line":1348,"method":null,"native":false},{"column":7,"file":"net.js","function":"Server.listen","line":1436,"method":"listen","native":false},{"column":24,"file":"C:\\Users\\S536979\\Desktop\\mvc-app\\node_modules\\express\\lib\\application.js","function":"Function.listen","line":618,"method":"listen","native":false},{"column":5,"file":"C:\\Users\\S536979\\Desktop\\mvc-app\\app.js","function":null,"line":215,"method":null,"native":false},{"column":30,"file":"internal/modules/cjs/loader.js","function":"Module._compile","line":956,"method":"_compile","native":false},{"column":10,"file":"internal/modules/cjs/loader.js","function":"Module._extensions..js","line":973,"method":".js","native":false},{"column":32,"file":"internal/modules/cjs/loader.js","function":"Module.load","line":812,"method":"load","native":false},{"column":14,"file":"internal/modules/cjs/loader.js","function":"Module._load","line":724,"method":"_load","native":false},{"column":10,"file":"internal/modules/cjs/loader.js","function":"Module.runMain","line":1025,"method":"runMain","native":false},{"column":11,"file":"internal/main/run_main_module.js","function":null,"line":17,"method":null,"native":false}]}
{"message":"Running on 3004","level":"info"}
{"message":"Environment isProduction = true","level":"info"}
{"message":"MongoDB URL = mongodb+srv://Chinmayi:vaRdhana3420@cluster0-1x9kj.mongodb.net/test?retryWrites=true&w=majority","level":"info"}
{"message":"Loaded routing.","level":"info"}
{"message":"MongoDB event open","level":"info"}
{"message":"MongoDB connected mongodb+srv://Chinmayi:vaRdhana3420@cluster0-1x9kj.mongodb.net/test?retryWrites=true&w=majority\n","level":"info"}
{"message":"Seeding collection = course","level":"info"}
{"message":"Seeding collection = section","level":"info"}
{"message":"Seeding collection = student","level":"info"}
{"message":"GET /","level":"debug"}
{"message":"GET /images/manifest.json","level":"debug"}
{"message":"GET /course","level":"debug"}
{"message":"Handling GET / [object Object]","level":"info"}
{"message":"GET /course","level":"debug"}
{"message":"Handling GET / [object Object]","level":"info"}
{"message":"GET /course","level":"debug"}
{"message":"Handling GET / [object Object]","level":"info"}
{"message":"GET /course","level":"debug"}
{"message":"Handling GET / [object Object]","level":"info"}
{"message":"GET /","level":"debug"}
{"message":"GET /","level":"debug"}
{"message":"GET /course","level":"debug"}
{"message":"Handling GET / [object Object]","level":"info"}
{"message":"GET /course","level":"debug"}
{"message":"Handling GET / [object Object]","level":"info"}
{"message":"GET /course","level":"debug"}
{"message":"Handling GET / [object Object]","level":"info"}
{"message":"Environment variables loaded into process.env.","level":"info"}
{"message":"Running on 3004","level":"info"}
{"message":"Environment isProduction = true","level":"info"}
{"message":"MongoDB URL = mongodb+srv://Chinmayi:vaRdhana3420@cluster0-1x9kj.mongodb.net/test?retryWrites=true&w=majority","level":"info"}
{"message":"Loaded routing.","level":"info"}
{"message":"MongoDB event open","level":"info"}
{"message":"MongoDB connected mongodb+srv://Chinmayi:vaRdhana3420@cluster0-1x9kj.mongodb.net/test?retryWrites=true&w=majority\n","level":"info"}
{"message":"Seeding collection = course","level":"info"}
{"message":"Seeding collection = section","level":"info"}
{"message":"Seeding collection = student","level":"info"}
{"error":{"code":"MODULE_NOT_FOUND","requireStack":["C:\\Users\\S536979\\Desktop\\mvc-app\\app.js"]},"level":"error","message":"uncaughtException: Cannot find module './data/course.json'\nRequire stack:\n- C:\\Users\\S536979\\Desktop\\mvc-app\\app.js\nError: Cannot find module './data/course.json'\nRequire stack:\n- C:\\Users\\S536979\\Desktop\\mvc-app\\app.js\n    at Function.Module._resolveFilename (internal/modules/cjs/loader.js:794:15)\n    at Function.Module._load (internal/modules/cjs/loader.js:687:27)\n    at Module.require (internal/modules/cjs/loader.js:849:19)\n    at require (internal/modules/cjs/helpers.js:74:18)\n    at C:\\Users\\S536979\\Desktop\\mvc-app\\app.js:147:47\n    at C:\\Users\\S536979\\Desktop\\mvc-app\\node_modules\\mongodb\\lib\\operations\\execute_operation.js:75:17\n    at C:\\Users\\S536979\\Desktop\\mvc-app\\node_modules\\mongodb\\lib\\operations\\execute_operation.js:64:11\n    at ClientSession.endSession (C:\\Users\\S536979\\Desktop\\mvc-app\\node_modules\\mongodb\\lib\\core\\sessions.js:135:41)\n    at executeCallback (C:\\Users\\S536979\\Desktop\\mvc-app\\node_modules\\mongodb\\lib\\operations\\execute_operation.js:59:17)\n    at callbackWithRetry (C:\\Users\\S536979\\Desktop\\mvc-app\\node_modules\\mongodb\\lib\\operations\\execute_operation.js:131:14)\n    at C:\\Users\\S536979\\Desktop\\mvc-app\\node_modules\\mongodb\\lib\\operations\\count_documents.js:36:7\n    at C:\\Users\\S536979\\Desktop\\mvc-app\\node_modules\\mongodb\\lib\\operations\\command_v2.js:92:9\n    at C:\\Users\\S536979\\Desktop\\mvc-app\\node_modules\\mongodb\\lib\\core\\sdam\\server.js:273:7\n    at C:\\Users\\S536979\\Desktop\\mvc-app\\node_modules\\mongodb\\lib\\core\\connection\\pool.js:408:18\n    at processTicksAndRejections (internal/process/task_queues.js:75:11)","stack":"Error: Cannot find module './data/course.json'\nRequire stack:\n- C:\\Users\\S536979\\Desktop\\mvc-app\\app.js\n    at Function.Module._resolveFilename (internal/modules/cjs/loader.js:794:15)\n    at Function.Module._load (internal/modules/cjs/loader.js:687:27)\n    at Module.require (internal/modules/cjs/loader.js:849:19)\n    at require (internal/modules/cjs/helpers.js:74:18)\n    at C:\\Users\\S536979\\Desktop\\mvc-app\\app.js:147:47\n    at C:\\Users\\S536979\\Desktop\\mvc-app\\node_modules\\mongodb\\lib\\operations\\execute_operation.js:75:17\n    at C:\\Users\\S536979\\Desktop\\mvc-app\\node_modules\\mongodb\\lib\\operations\\execute_operation.js:64:11\n    at ClientSession.endSession (C:\\Users\\S536979\\Desktop\\mvc-app\\node_modules\\mongodb\\lib\\core\\sessions.js:135:41)\n    at executeCallback (C:\\Users\\S536979\\Desktop\\mvc-app\\node_modules\\mongodb\\lib\\operations\\execute_operation.js:59:17)\n    at callbackWithRetry (C:\\Users\\S536979\\Desktop\\mvc-app\\node_modules\\mongodb\\lib\\operations\\execute_operation.js:131:14)\n    at C:\\Users\\S536979\\Desktop\\mvc-app\\node_modules\\mongodb\\lib\\operations\\count_documents.js:36:7\n    at C:\\Users\\S536979\\Desktop\\mvc-app\\node_modules\\mongodb\\lib\\operations\\command_v2.js:92:9\n    at C:\\Users\\S536979\\Desktop\\mvc-app\\node_modules\\mongodb\\lib\\core\\sdam\\server.js:273:7\n    at C:\\Users\\S536979\\Desktop\\mvc-app\\node_modules\\mongodb\\lib\\core\\connection\\pool.js:408:18\n    at processTicksAndRejections (internal/process/task_queues.js:75:11)","exception":true,"date":"Tue Dec 03 2019 15:04:20 GMT-0600 (Central Standard Time)","process":{"pid":7444,"uid":null,"gid":null,"cwd":"C:\\Users\\S536979\\Desktop\\mvc-app","execPath":"C:\\Program Files\\nodejs\\node.exe","version":"v12.12.0","argv":["C:\\Program Files\\nodejs\\node.exe","C:\\Users\\S536979\\Desktop\\mvc-app\\app.js"],"memoryUsage":{"rss":55173120,"heapTotal":33546240,"heapUsed":15686912,"external":19584406}},"os":{"loadavg":[0,0,0],"uptime":1105036},"trace":[{"column":15,"file":"internal/modules/cjs/loader.js","function":"Module._resolveFilename","line":794,"method":"_resolveFilename","native":false},{"column":27,"file":"internal/modules/cjs/loader.js","function":"Module._load","line":687,"method":"_load","native":false},{"column":19,"file":"internal/modules/cjs/loader.js","function":"Module.require","line":849,"method":"require","native":false},{"column":18,"file":"internal/modules/cjs/helpers.js","function":"require","line":74,"method":null,"native":false},{"column":47,"file":"C:\\Users\\S536979\\Desktop\\mvc-app\\app.js","function":null,"line":147,"method":null,"native":false},{"column":17,"file":"C:\\Users\\S536979\\Desktop\\mvc-app\\node_modules\\mongodb\\lib\\operations\\execute_operation.js","function":null,"line":75,"method":null,"native":false},{"column":11,"file":"C:\\Users\\S536979\\Desktop\\mvc-app\\node_modules\\mongodb\\lib\\operations\\execute_operation.js","function":null,"line":64,"method":null,"native":false},{"column":41,"file":"C:\\Users\\S536979\\Desktop\\mvc-app\\node_modules\\mongodb\\lib\\core\\sessions.js","function":"ClientSession.endSession","line":135,"method":"endSession","native":false},{"column":17,"file":"C:\\Users\\S536979\\Desktop\\mvc-app\\node_modules\\mongodb\\lib\\operations\\execute_operation.js","function":"executeCallback","line":59,"method":null,"native":false},{"column":14,"file":"C:\\Users\\S536979\\Desktop\\mvc-app\\node_modules\\mongodb\\lib\\operations\\execute_operation.js","function":"callbackWithRetry","line":131,"method":null,"native":false},{"column":7,"file":"C:\\Users\\S536979\\Desktop\\mvc-app\\node_modules\\mongodb\\lib\\operations\\count_documents.js","function":null,"line":36,"method":null,"native":false},{"column":9,"file":"C:\\Users\\S536979\\Desktop\\mvc-app\\node_modules\\mongodb\\lib\\operations\\command_v2.js","function":null,"line":92,"method":null,"native":false},{"column":7,"file":"C:\\Users\\S536979\\Desktop\\mvc-app\\node_modules\\mongodb\\lib\\core\\sdam\\server.js","function":null,"line":273,"method":null,"native":false},{"column":18,"file":"C:\\Users\\S536979\\Desktop\\mvc-app\\node_modules\\mongodb\\lib\\core\\connection\\pool.js","function":null,"line":408,"method":null,"native":false},{"column":11,"file":"internal/process/task_queues.js","function":"processTicksAndRejections","line":75,"method":null,"native":false}]}
{"message":"Environment variables loaded into process.env.","level":"info"}
{"message":"Running on 3004","level":"info"}
{"message":"Environment isProduction = true","level":"info"}
{"message":"MongoDB URL = mongodb+srv://Chinmayi:vaRdhana3420@cluster0-1x9kj.mongodb.net/test?retryWrites=true&w=majority","level":"info"}
{"message":"Loaded routing.","level":"info"}
{"message":"MongoDB event open","level":"info"}
{"message":"MongoDB connected mongodb+srv://Chinmayi:vaRdhana3420@cluster0-1x9kj.mongodb.net/test?retryWrites=true&w=majority\n","level":"info"}
{"message":"Seeding collection = courses","level":"info"}
{"message":"Seeding collection = sections","level":"info"}
{"message":"Seeding collection = students","level":"info"}
{"message":"GET /","level":"debug"}
{"message":"GET /images/favicon-32x32.png","level":"debug"}
{"message":"GET /course","level":"debug"}
{"message":"Handling GET / [object Object]","level":"info"}
{"message":"GET /course/create","level":"debug"}
{"message":"Handling GET /create [object Object]","level":"info"}
{"message":"POST /course/save","level":"debug"}
{"message":"POST /course/save","level":"debug"}
{"message":"POST /course/save","level":"debug"}
{"message":"GET /course","level":"debug"}
{"message":"Handling GET / [object Object]","level":"info"}
{"message":"GET /course/edit/6","level":"debug"}
{"message":"Handling GET /edit/:id [object Object]","level":"info"}
{"message":"RETURNING VIEW FOR[{\"SchoolNumber\":\"44\",\"CourseNumber\":\"563\",\"_id\":6,\"Name\":\"Big Data\",\"inSpring\":true,\"inSummer\":false,\"inFall\":false,\"Department\":\"CSIS\"}]","level":"info"}
{"message":"GET /course","level":"debug"}
{"message":"Handling GET / [object Object]","level":"info"}
{"message":"GET /course/details/6","level":"debug"}
{"message":"Handling GET /details/:id [object Object]","level":"info"}
{"message":"RETURNING VIEW FOR [{\"SchoolNumber\":\"44\",\"CourseNumber\":\"563\",\"_id\":6,\"Name\":\"Big Data\",\"inSpring\":true,\"inSummer\":false,\"inFall\":false,\"Department\":\"CSIS\"}]","level":"info"}
{"message":"GET /course/edit/6","level":"debug"}
{"message":"Handling GET /edit/:id [object Object]","level":"info"}
{"message":"RETURNING VIEW FOR[{\"SchoolNumber\":\"44\",\"CourseNumber\":\"563\",\"_id\":6,\"Name\":\"Big Data\",\"inSpring\":true,\"inSummer\":false,\"inFall\":false,\"Department\":\"CSIS\"}]","level":"info"}
{"message":"GET /course/delete/6","level":"debug"}
{"message":"Handling GET /delete/:id [object Object]","level":"info"}
{"message":"RETURNING VIEW FOR [{\"SchoolNumber\":\"44\",\"CourseNumber\":\"563\",\"_id\":6,\"Name\":\"Big Data\",\"inSpring\":true,\"inSummer\":false,\"inFall\":false,\"Department\":\"CSIS\"}]","level":"info"}
{"message":"POST /course/delete/6","level":"debug"}
{"message":"Handling DELETE request [object Object]","level":"info"}
{"message":"Handling REMOVING ID=6","level":"info"}
{"message":"GET /course","level":"debug"}
{"message":"Handling GET / [object Object]","level":"info"}
{"message":"GET /course/edit/5","level":"debug"}
{"message":"Handling GET /edit/:id [object Object]","level":"info"}
{"message":"RETURNING VIEW FOR[{\"SchoolNumber\":\"44\",\"CourseNumber\":\"562\",\"_id\":5,\"Name\":\"Machine Learning\",\"inSpring\":false,\"inSummer\":true,\"inFall\":false,\"Department\":\"CSIS\"}]","level":"info"}
{"message":"Environment variables loaded into process.env.","level":"info"}
{"error":{"code":"EADDRINUSE","errno":"EADDRINUSE","syscall":"listen","address":"::","port":3004},"level":"error","message":"uncaughtException: listen EADDRINUSE: address already in use :::3004\nError: listen EADDRINUSE: address already in use :::3004\n    at Server.setupListenHandle [as _listen2] (net.js:1300:14)\n    at listenInCluster (net.js:1348:12)\n    at Server.listen (net.js:1436:7)\n    at Function.listen (C:\\Users\\S536979\\Desktop\\mvc-app\\node_modules\\express\\lib\\application.js:618:24)\n    at Object.<anonymous> (C:\\Users\\S536979\\Desktop\\mvc-app\\app.js:215:5)\n    at Module._compile (internal/modules/cjs/loader.js:956:30)\n    at Object.Module._extensions..js (internal/modules/cjs/loader.js:973:10)\n    at Module.load (internal/modules/cjs/loader.js:812:32)\n    at Function.Module._load (internal/modules/cjs/loader.js:724:14)\n    at Function.Module.runMain (internal/modules/cjs/loader.js:1025:10)\n    at internal/main/run_main_module.js:17:11","stack":"Error: listen EADDRINUSE: address already in use :::3004\n    at Server.setupListenHandle [as _listen2] (net.js:1300:14)\n    at listenInCluster (net.js:1348:12)\n    at Server.listen (net.js:1436:7)\n    at Function.listen (C:\\Users\\S536979\\Desktop\\mvc-app\\node_modules\\express\\lib\\application.js:618:24)\n    at Object.<anonymous> (C:\\Users\\S536979\\Desktop\\mvc-app\\app.js:215:5)\n    at Module._compile (internal/modules/cjs/loader.js:956:30)\n    at Object.Module._extensions..js (internal/modules/cjs/loader.js:973:10)\n    at Module.load (internal/modules/cjs/loader.js:812:32)\n    at Function.Module._load (internal/modules/cjs/loader.js:724:14)\n    at Function.Module.runMain (internal/modules/cjs/loader.js:1025:10)\n    at internal/main/run_main_module.js:17:11","exception":true,"date":"Tue Dec 03 2019 15:20:53 GMT-0600 (Central Standard Time)","process":{"pid":7428,"uid":null,"gid":null,"cwd":"C:\\Users\\S536979\\Desktop\\mvc-app","execPath":"C:\\Program Files\\nodejs\\node.exe","version":"v12.12.0","argv":["C:\\Program Files\\nodejs\\node.exe","C:\\Users\\S536979\\Desktop\\mvc-app\\app.js"],"memoryUsage":{"rss":51245056,"heapTotal":31186944,"heapUsed":20259792,"external":20059974}},"os":{"loadavg":[0,0,0],"uptime":1106029},"trace":[{"column":14,"file":"net.js","function":"Server.setupListenHandle [as _listen2]","line":1300,"method":"setupListenHandle [as _listen2]","native":false},{"column":12,"file":"net.js","function":"listenInCluster","line":1348,"method":null,"native":false},{"column":7,"file":"net.js","function":"Server.listen","line":1436,"method":"listen","native":false},{"column":24,"file":"C:\\Users\\S536979\\Desktop\\mvc-app\\node_modules\\express\\lib\\application.js","function":"Function.listen","line":618,"method":"listen","native":false},{"column":5,"file":"C:\\Users\\S536979\\Desktop\\mvc-app\\app.js","function":null,"line":215,"method":null,"native":false},{"column":30,"file":"internal/modules/cjs/loader.js","function":"Module._compile","line":956,"method":"_compile","native":false},{"column":10,"file":"internal/modules/cjs/loader.js","function":"Module._extensions..js","line":973,"method":".js","native":false},{"column":32,"file":"internal/modules/cjs/loader.js","function":"Module.load","line":812,"method":"load","native":false},{"column":14,"file":"internal/modules/cjs/loader.js","function":"Module._load","line":724,"method":"_load","native":false},{"column":10,"file":"internal/modules/cjs/loader.js","function":"Module.runMain","line":1025,"method":"runMain","native":false},{"column":11,"file":"internal/main/run_main_module.js","function":null,"line":17,"method":null,"native":false}]}
{"message":"Running on 3004","level":"info"}
{"message":"Environment isProduction = true","level":"info"}
{"message":"MongoDB URL = mongodb+srv://Chinmayi:vaRdhana3420@cluster0-1x9kj.mongodb.net/test?retryWrites=true&w=majority","level":"info"}
{"message":"Loaded routing.","level":"info"}
{"message":"MongoDB event open","level":"info"}
{"message":"MongoDB connected mongodb+srv://Chinmayi:vaRdhana3420@cluster0-1x9kj.mongodb.net/test?retryWrites=true&w=majority\n","level":"info"}
{"message":"Seeding collection = courses","level":"info"}
{"message":"Seeding collection = sections","level":"info"}
{"message":"Seeding collection = students","level":"info"}
{"message":"GET /course/edit/5","level":"debug"}
{"message":"Handling GET /edit/:id [object Object]","level":"info"}
{"message":"RETURNING VIEW FOR[{\"SchoolNumber\":\"44\",\"CourseNumber\":\"562\",\"_id\":5,\"Name\":\"Machine Learning\",\"inSpring\":false,\"inSummer\":true,\"inFall\":false,\"Department\":\"CSIS\"}]","level":"info"}
{"message":"GET /images/favicon-32x32.png","level":"debug"}
{"message":"POST /course/save/5","level":"debug"}
{"message":"Handling SAVE request [object Object]","level":"info"}
{"message":"Handling SAVING ID=5","level":"info"}
{"message":"ORIGINAL VALUES {\"n\":1,\"nModified\":1,\"opTime\":{\"ts\":\"6766326430562254849\",\"t\":3},\"electionId\":\"7fffffff0000000000000003\",\"ok\":1,\"operationTime\":\"6766326430562254849\",\"$clusterTime\":{\"clusterTime\":\"6766326430562254849\",\"signature\":{\"hash\":\"f/Z0M6b8glwUfWo8PBQ8F4XUlNg=\",\"keyId\":\"6757852455792279553\"}}}","level":"info"}
{"message":"UPDATED VALUES: {\"SchoolNumber\":\"44\",\"CourseNumber\":\"555\",\"Name\":\"Machine Learning\",\"inSpring\":\"false\",\"inSummer\":\"true\",\"inFall\":\"false\",\"Department\":\"CSIS\"}","level":"info"}
{"message":"SAVING UPDATED item {\"n\":1,\"nModified\":1,\"opTime\":{\"ts\":\"6766326430562254849\",\"t\":3},\"electionId\":\"7fffffff0000000000000003\",\"ok\":1,\"operationTime\":\"6766326430562254849\",\"$clusterTime\":{\"clusterTime\":\"6766326430562254849\",\"signature\":{\"hash\":\"f/Z0M6b8glwUfWo8PBQ8F4XUlNg=\",\"keyId\":\"6757852455792279553\"}}}","level":"info"}
{"message":"GET /course","level":"debug"}
{"message":"Handling GET / [object Object]","level":"info"}
{"message":"GET /course/edit/5","level":"debug"}
{"message":"Handling GET /edit/:id [object Object]","level":"info"}
{"message":"RETURNING VIEW FOR[{\"SchoolNumber\":null,\"CourseNumber\":null,\"_id\":5,\"Name\":\"Machine Learning\",\"inSpring\":false,\"inSummer\":true,\"inFall\":false,\"Department\":\"CSIS\"}]","level":"info"}
{"message":"GET /course/edit/5","level":"debug"}
{"message":"Handling GET /edit/:id [object Object]","level":"info"}
{"message":"RETURNING VIEW FOR[{\"SchoolNumber\":null,\"CourseNumber\":null,\"_id\":5,\"Name\":\"Machine Learning\",\"inSpring\":false,\"inSummer\":true,\"inFall\":false,\"Department\":\"CSIS\"}]","level":"info"}
{"message":"POST /course/save/5","level":"debug"}
{"message":"Handling SAVE request [object Object]","level":"info"}
{"message":"Handling SAVING ID=5","level":"info"}
{"message":"ORIGINAL VALUES {\"n\":1,\"nModified\":0,\"opTime\":{\"ts\":\"6766326546526371842\",\"t\":3},\"electionId\":\"7fffffff0000000000000003\",\"ok\":1,\"operationTime\":\"6766326546526371842\",\"$clusterTime\":{\"clusterTime\":\"6766326546526371842\",\"signature\":{\"hash\":\"Mjfad1KLiqn9IXbbhvFXnbm3niw=\",\"keyId\":\"6757852455792279553\"}}}","level":"info"}
{"message":"UPDATED VALUES: {\"SchoolNumber\":\"44\",\"CourseNumber\":\"555\",\"Name\":\"Machine Learning\",\"inSpring\":\"false\",\"inSummer\":\"true\",\"inFall\":\"false\",\"Department\":\"CSIS\"}","level":"info"}
{"message":"SAVING UPDATED item {\"n\":1,\"nModified\":0,\"opTime\":{\"ts\":\"6766326546526371842\",\"t\":3},\"electionId\":\"7fffffff0000000000000003\",\"ok\":1,\"operationTime\":\"6766326546526371842\",\"$clusterTime\":{\"clusterTime\":\"6766326546526371842\",\"signature\":{\"hash\":\"Mjfad1KLiqn9IXbbhvFXnbm3niw=\",\"keyId\":\"6757852455792279553\"}}}","level":"info"}
{"message":"GET /course","level":"debug"}
{"message":"Handling GET / [object Object]","level":"info"}
{"message":"GET /course","level":"debug"}
{"message":"Handling GET / [object Object]","level":"info"}
{"message":"GET /images/favicon-32x32.png","level":"debug"}
{"message":"GET /course/edit/5","level":"debug"}
{"message":"Handling GET /edit/:id [object Object]","level":"info"}
{"message":"RETURNING VIEW FOR[{\"SchoolNumber\":null,\"CourseNumber\":null,\"_id\":5,\"Name\":\"Machine Learning\",\"inSpring\":false,\"inSummer\":true,\"inFall\":false,\"Department\":\"CSIS\"}]","level":"info"}
{"message":"POST /course/save/5","level":"debug"}
{"message":"Handling SAVE request [object Object]","level":"info"}
{"message":"Handling SAVING ID=5","level":"info"}
{"message":"ORIGINAL VALUES {\"n\":1,\"nModified\":0,\"opTime\":{\"ts\":\"6766328148549173249\",\"t\":3},\"electionId\":\"7fffffff0000000000000003\",\"ok\":1,\"operationTime\":\"6766328148549173249\",\"$clusterTime\":{\"clusterTime\":\"6766328148549173249\",\"signature\":{\"hash\":\"IsI/+KaB7GBbnwc7V/vOhK04uz8=\",\"keyId\":\"6757852455792279553\"}}}","level":"info"}
{"message":"UPDATED VALUES: {\"SchoolNumber\":\"44\",\"CourseNumber\":\"563\",\"Name\":\"Machine Learning\",\"inSpring\":\"false\",\"inSummer\":\"true\",\"inFall\":\"false\",\"Department\":\"CSIS\"}","level":"info"}
{"message":"SAVING UPDATED item {\"n\":1,\"nModified\":0,\"opTime\":{\"ts\":\"6766328148549173249\",\"t\":3},\"electionId\":\"7fffffff0000000000000003\",\"ok\":1,\"operationTime\":\"6766328148549173249\",\"$clusterTime\":{\"clusterTime\":\"6766328148549173249\",\"signature\":{\"hash\":\"IsI/+KaB7GBbnwc7V/vOhK04uz8=\",\"keyId\":\"6757852455792279553\"}}}","level":"info"}
{"message":"GET /course","level":"debug"}
{"message":"Handling GET / [object Object]","level":"info"}
{"message":"GET /course/edit/4","level":"debug"}
{"message":"Handling GET /edit/:id [object Object]","level":"info"}
{"message":"RETURNING VIEW FOR[{\"SchoolNumber\":\"44\",\"CourseNumber\":\"561\",\"_id\":4,\"Name\":\"Patterns and Frameworks\",\"inSpring\":true,\"inSummer\":false,\"inFall\":false,\"Department\":\"CSIS\"}]","level":"info"}
{"message":"POST /course/save/4","level":"debug"}
{"message":"Handling SAVE request [object Object]","level":"info"}
{"message":"Handling SAVING ID=4","level":"info"}
{"message":"ORIGINAL VALUES {\"n\":1,\"nModified\":1,\"opTime\":{\"ts\":\"6766328208678715396\",\"t\":3},\"electionId\":\"7fffffff0000000000000003\",\"ok\":1,\"operationTime\":\"6766328208678715396\",\"$clusterTime\":{\"clusterTime\":\"6766328208678715396\",\"signature\":{\"hash\":\"17UH4TJ7NA3hG3sGmFanewIGGO0=\",\"keyId\":\"6757852455792279553\"}}}","level":"info"}
{"message":"UPDATED VALUES: {\"SchoolNumber\":\"44\",\"CourseNumber\":\"561\",\"Name\":\"Patterns and Frameworks\",\"inSpring\":\"true\",\"inSummer\":\"false\",\"inFall\":\"false\",\"Department\":\"CS\"}","level":"info"}
{"message":"SAVING UPDATED item {\"n\":1,\"nModified\":1,\"opTime\":{\"ts\":\"6766328208678715396\",\"t\":3},\"electionId\":\"7fffffff0000000000000003\",\"ok\":1,\"operationTime\":\"6766328208678715396\",\"$clusterTime\":{\"clusterTime\":\"6766328208678715396\",\"signature\":{\"hash\":\"17UH4TJ7NA3hG3sGmFanewIGGO0=\",\"keyId\":\"6757852455792279553\"}}}","level":"info"}
{"message":"GET /course","level":"debug"}
{"message":"Handling GET / [object Object]","level":"info"}
{"message":"Environment variables loaded into process.env.","level":"info"}
{"error":{"code":"EADDRINUSE","errno":"EADDRINUSE","syscall":"listen","address":"::","port":3004},"level":"error","message":"uncaughtException: listen EADDRINUSE: address already in use :::3004\nError: listen EADDRINUSE: address already in use :::3004\n    at Server.setupListenHandle [as _listen2] (net.js:1300:14)\n    at listenInCluster (net.js:1348:12)\n    at Server.listen (net.js:1436:7)\n    at Function.listen (C:\\Users\\S536979\\Desktop\\mvc-app\\node_modules\\express\\lib\\application.js:618:24)\n    at Object.<anonymous> (C:\\Users\\S536979\\Desktop\\mvc-app\\app.js:215:5)\n    at Module._compile (internal/modules/cjs/loader.js:956:30)\n    at Object.Module._extensions..js (internal/modules/cjs/loader.js:973:10)\n    at Module.load (internal/modules/cjs/loader.js:812:32)\n    at Function.Module._load (internal/modules/cjs/loader.js:724:14)\n    at Function.Module.runMain (internal/modules/cjs/loader.js:1025:10)\n    at internal/main/run_main_module.js:17:11","stack":"Error: listen EADDRINUSE: address already in use :::3004\n    at Server.setupListenHandle [as _listen2] (net.js:1300:14)\n    at listenInCluster (net.js:1348:12)\n    at Server.listen (net.js:1436:7)\n    at Function.listen (C:\\Users\\S536979\\Desktop\\mvc-app\\node_modules\\express\\lib\\application.js:618:24)\n    at Object.<anonymous> (C:\\Users\\S536979\\Desktop\\mvc-app\\app.js:215:5)\n    at Module._compile (internal/modules/cjs/loader.js:956:30)\n    at Object.Module._extensions..js (internal/modules/cjs/loader.js:973:10)\n    at Module.load (internal/modules/cjs/loader.js:812:32)\n    at Function.Module._load (internal/modules/cjs/loader.js:724:14)\n    at Function.Module.runMain (internal/modules/cjs/loader.js:1025:10)\n    at internal/main/run_main_module.js:17:11","exception":true,"date":"Tue Dec 03 2019 15:32:14 GMT-0600 (Central Standard Time)","process":{"pid":3548,"uid":null,"gid":null,"cwd":"C:\\Users\\S536979\\Desktop\\mvc-app","execPath":"C:\\Program Files\\nodejs\\node.exe","version":"v12.12.0","argv":["C:\\Program Files\\nodejs\\node.exe","C:\\Users\\S536979\\Desktop\\mvc-app\\app.js"],"memoryUsage":{"rss":54390784,"heapTotal":33284096,"heapUsed":16612616,"external":19601680}},"os":{"loadavg":[0,0,0],"uptime":1106709},"trace":[{"column":14,"file":"net.js","function":"Server.setupListenHandle [as _listen2]","line":1300,"method":"setupListenHandle [as _listen2]","native":false},{"column":12,"file":"net.js","function":"listenInCluster","line":1348,"method":null,"native":false},{"column":7,"file":"net.js","function":"Server.listen","line":1436,"method":"listen","native":false},{"column":24,"file":"C:\\Users\\S536979\\Desktop\\mvc-app\\node_modules\\express\\lib\\application.js","function":"Function.listen","line":618,"method":"listen","native":false},{"column":5,"file":"C:\\Users\\S536979\\Desktop\\mvc-app\\app.js","function":null,"line":215,"method":null,"native":false},{"column":30,"file":"internal/modules/cjs/loader.js","function":"Module._compile","line":956,"method":"_compile","native":false},{"column":10,"file":"internal/modules/cjs/loader.js","function":"Module._extensions..js","line":973,"method":".js","native":false},{"column":32,"file":"internal/modules/cjs/loader.js","function":"Module.load","line":812,"method":"load","native":false},{"column":14,"file":"internal/modules/cjs/loader.js","function":"Module._load","line":724,"method":"_load","native":false},{"column":10,"file":"internal/modules/cjs/loader.js","function":"Module.runMain","line":1025,"method":"runMain","native":false},{"column":11,"file":"internal/main/run_main_module.js","function":null,"line":17,"method":null,"native":false}]}
{"message":"Running on 3004","level":"info"}
{"message":"Environment isProduction = true","level":"info"}
{"message":"MongoDB URL = mongodb+srv://Chinmayi:vaRdhana3420@cluster0-1x9kj.mongodb.net/test?retryWrites=true&w=majority","level":"info"}
{"message":"Loaded routing.","level":"info"}
{"message":"MongoDB event open","level":"info"}
{"message":"MongoDB connected mongodb+srv://Chinmayi:vaRdhana3420@cluster0-1x9kj.mongodb.net/test?retryWrites=true&w=majority\n","level":"info"}
{"message":"Seeding collection = courses","level":"info"}
{"message":"Seeding collection = sections","level":"info"}
{"message":"Seeding collection = students","level":"info"}
{"message":"GET /course","level":"debug"}
{"message":"Handling GET / [object Object]","level":"info"}
{"message":"GET /images/favicon-32x32.png","level":"debug"}
{"message":"GET /course","level":"debug"}
{"message":"Handling GET / [object Object]","level":"info"}
{"message":"GET /course/edit/5","level":"debug"}
{"message":"Handling GET /edit/:id [object Object]","level":"info"}
{"message":"RETURNING VIEW FOR[{\"SchoolNumber\":null,\"CourseNumber\":null,\"_id\":5,\"Name\":\"Machine Learning\",\"inSpring\":false,\"inSummer\":true,\"inFall\":false,\"Department\":\"CSIS\"}]","level":"info"}
{"message":"GET /course/edit/5","level":"debug"}
{"message":"Handling GET /edit/:id [object Object]","level":"info"}
{"message":"RETURNING VIEW FOR[{\"SchoolNumber\":null,\"CourseNumber\":null,\"_id\":5,\"Name\":\"Machine Learning\",\"inSpring\":false,\"inSummer\":true,\"inFall\":false,\"Department\":\"CSIS\"}]","level":"info"}
{"message":"GET /images/favicon-32x32.png","level":"debug"}
{"message":"Environment variables loaded into process.env.","level":"info"}
{"error":{"code":"EADDRINUSE","errno":"EADDRINUSE","syscall":"listen","address":"::","port":3004},"level":"error","message":"uncaughtException: listen EADDRINUSE: address already in use :::3004\nError: listen EADDRINUSE: address already in use :::3004\n    at Server.setupListenHandle [as _listen2] (net.js:1300:14)\n    at listenInCluster (net.js:1348:12)\n    at Server.listen (net.js:1436:7)\n    at Function.listen (C:\\Users\\S536979\\Desktop\\mvc-app\\node_modules\\express\\lib\\application.js:618:24)\n    at Object.<anonymous> (C:\\Users\\S536979\\Desktop\\mvc-app\\app.js:215:5)\n    at Module._compile (internal/modules/cjs/loader.js:956:30)\n    at Object.Module._extensions..js (internal/modules/cjs/loader.js:973:10)\n    at Module.load (internal/modules/cjs/loader.js:812:32)\n    at Function.Module._load (internal/modules/cjs/loader.js:724:14)\n    at Function.Module.runMain (internal/modules/cjs/loader.js:1025:10)\n    at internal/main/run_main_module.js:17:11","stack":"Error: listen EADDRINUSE: address already in use :::3004\n    at Server.setupListenHandle [as _listen2] (net.js:1300:14)\n    at listenInCluster (net.js:1348:12)\n    at Server.listen (net.js:1436:7)\n    at Function.listen (C:\\Users\\S536979\\Desktop\\mvc-app\\node_modules\\express\\lib\\application.js:618:24)\n    at Object.<anonymous> (C:\\Users\\S536979\\Desktop\\mvc-app\\app.js:215:5)\n    at Module._compile (internal/modules/cjs/loader.js:956:30)\n    at Object.Module._extensions..js (internal/modules/cjs/loader.js:973:10)\n    at Module.load (internal/modules/cjs/loader.js:812:32)\n    at Function.Module._load (internal/modules/cjs/loader.js:724:14)\n    at Function.Module.runMain (internal/modules/cjs/loader.js:1025:10)\n    at internal/main/run_main_module.js:17:11","exception":true,"date":"Tue Dec 03 2019 15:34:03 GMT-0600 (Central Standard Time)","process":{"pid":10548,"uid":null,"gid":null,"cwd":"C:\\Users\\S536979\\Desktop\\mvc-app","execPath":"C:\\Program Files\\nodejs\\node.exe","version":"v12.12.0","argv":["C:\\Program Files\\nodejs\\node.exe","C:\\Users\\S536979\\Desktop\\mvc-app\\app.js"],"memoryUsage":{"rss":54022144,"heapTotal":33021952,"heapUsed":16759768,"external":19592229}},"os":{"loadavg":[0,0,0],"uptime":1106818},"trace":[{"column":14,"file":"net.js","function":"Server.setupListenHandle [as _listen2]","line":1300,"method":"setupListenHandle [as _listen2]","native":false},{"column":12,"file":"net.js","function":"listenInCluster","line":1348,"method":null,"native":false},{"column":7,"file":"net.js","function":"Server.listen","line":1436,"method":"listen","native":false},{"column":24,"file":"C:\\Users\\S536979\\Desktop\\mvc-app\\node_modules\\express\\lib\\application.js","function":"Function.listen","line":618,"method":"listen","native":false},{"column":5,"file":"C:\\Users\\S536979\\Desktop\\mvc-app\\app.js","function":null,"line":215,"method":null,"native":false},{"column":30,"file":"internal/modules/cjs/loader.js","function":"Module._compile","line":956,"method":"_compile","native":false},{"column":10,"file":"internal/modules/cjs/loader.js","function":"Module._extensions..js","line":973,"method":".js","native":false},{"column":32,"file":"internal/modules/cjs/loader.js","function":"Module.load","line":812,"method":"load","native":false},{"column":14,"file":"internal/modules/cjs/loader.js","function":"Module._load","line":724,"method":"_load","native":false},{"column":10,"file":"internal/modules/cjs/loader.js","function":"Module.runMain","line":1025,"method":"runMain","native":false},{"column":11,"file":"internal/main/run_main_module.js","function":null,"line":17,"method":null,"native":false}]}
{"message":"Running on 3004","level":"info"}
{"message":"Environment isProduction = true","level":"info"}
{"message":"MongoDB URL = mongodb+srv://Chinmayi:vaRdhana3420@cluster0-1x9kj.mongodb.net/test?retryWrites=true&w=majority","level":"info"}
{"message":"Loaded routing.","level":"info"}
{"message":"MongoDB event open","level":"info"}
{"message":"MongoDB connected mongodb+srv://Chinmayi:vaRdhana3420@cluster0-1x9kj.mongodb.net/test?retryWrites=true&w=majority\n","level":"info"}
{"message":"Seeding collection = courses","level":"info"}
{"message":"Seeding collection = sections","level":"info"}
{"message":"Seeding collection = students","level":"info"}
{"message":"GET /course/edit/5","level":"debug"}
{"message":"Handling GET /edit/:id [object Object]","level":"info"}
{"message":"RETURNING VIEW FOR[{\"SchoolNumber\":null,\"CourseNumber\":null,\"_id\":5,\"Name\":\"Machine Learning\",\"inSpring\":false,\"inSummer\":true,\"inFall\":false,\"Department\":\"CSIS\"}]","level":"info"}
{"message":"GET /images/favicon-32x32.png","level":"debug"}
{"message":"GET /course","level":"debug"}
{"message":"Handling GET / [object Object]","level":"info"}
{"message":"GET /course/edit/3","level":"debug"}
{"message":"Handling GET /edit/:id [object Object]","level":"info"}
{"message":"RETURNING VIEW FOR[{\"SchoolNumber\":\"44\",\"CourseNumber\":\"560\",\"_id\":3,\"Name\":\"Advanced DataBase systems\",\"inSpring\":false,\"inSummer\":false,\"inFall\":true,\"Department\":\"CSIS\"}]","level":"info"}
{"message":"POST /course/save/3","level":"debug"}
{"message":"Handling SAVE request [object Object]","level":"info"}
{"message":"Handling SAVING ID=3","level":"info"}
{"message":"ORIGINAL VALUES {\"n\":1,\"nModified\":1,\"opTime\":{\"ts\":\"6766330184363671553\",\"t\":3},\"electionId\":\"7fffffff0000000000000003\",\"ok\":1,\"operationTime\":\"6766330184363671553\",\"$clusterTime\":{\"clusterTime\":\"6766330184363671553\",\"signature\":{\"hash\":\"E44uVREQ5+0pM1Qy9nLB3x1bGaM=\",\"keyId\":\"6757852455792279553\"}}}","level":"info"}
{"message":"UPDATED VALUES: {\"SchoolNumber\":\"44\",\"CourseNumber\":\"560\",\"Name\":\"Advanced DataBase systems\",\"inSpring\":\"false\",\"inSummer\":\"false\",\"inFall\":\"true\",\"Department\":\"CS\"}","level":"info"}
{"message":"SAVING UPDATED item {\"n\":1,\"nModified\":1,\"opTime\":{\"ts\":\"6766330184363671553\",\"t\":3},\"electionId\":\"7fffffff0000000000000003\",\"ok\":1,\"operationTime\":\"6766330184363671553\",\"$clusterTime\":{\"clusterTime\":\"6766330184363671553\",\"signature\":{\"hash\":\"E44uVREQ5+0pM1Qy9nLB3x1bGaM=\",\"keyId\":\"6757852455792279553\"}}}","level":"info"}
{"message":"GET /course","level":"debug"}
{"message":"Handling GET / [object Object]","level":"info"}
{"error":{"code":"EADDRINUSE","errno":"EADDRINUSE","syscall":"listen","address":"::","port":3004},"level":"error","message":"uncaughtException: listen EADDRINUSE: address already in use :::3004\nError: listen EADDRINUSE: address already in use :::3004\n    at Server.setupListenHandle [as _listen2] (net.js:1300:14)\n    at listenInCluster (net.js:1348:12)\n    at Server.listen (net.js:1436:7)\n    at Function.listen (C:\\Users\\S536979\\Desktop\\mvc-app\\node_modules\\express\\lib\\application.js:618:24)\n    at Object.<anonymous> (C:\\Users\\S536979\\Desktop\\mvc-app\\app.js:215:5)\n    at Module._compile (internal/modules/cjs/loader.js:956:30)\n    at Object.Module._extensions..js (internal/modules/cjs/loader.js:973:10)\n    at Module.load (internal/modules/cjs/loader.js:812:32)\n    at Function.Module._load (internal/modules/cjs/loader.js:724:14)\n    at Function.Module.runMain (internal/modules/cjs/loader.js:1025:10)\n    at internal/main/run_main_module.js:17:11","stack":"Error: listen EADDRINUSE: address already in use :::3004\n    at Server.setupListenHandle [as _listen2] (net.js:1300:14)\n    at listenInCluster (net.js:1348:12)\n    at Server.listen (net.js:1436:7)\n    at Function.listen (C:\\Users\\S536979\\Desktop\\mvc-app\\node_modules\\express\\lib\\application.js:618:24)\n    at Object.<anonymous> (C:\\Users\\S536979\\Desktop\\mvc-app\\app.js:215:5)\n    at Module._compile (internal/modules/cjs/loader.js:956:30)\n    at Object.Module._extensions..js (internal/modules/cjs/loader.js:973:10)\n    at Module.load (internal/modules/cjs/loader.js:812:32)\n    at Function.Module._load (internal/modules/cjs/loader.js:724:14)\n    at Function.Module.runMain (internal/modules/cjs/loader.js:1025:10)\n    at internal/main/run_main_module.js:17:11","exception":true,"date":"Tue Dec 03 2019 16:02:52 GMT-0600 (Central Standard Time)","process":{"pid":13408,"uid":null,"gid":null,"cwd":"C:\\Users\\S536979\\Desktop\\mvc-app","execPath":"C:\\Program Files\\nodejs\\node.exe","version":"v12.12.0","argv":["C:\\Program Files\\nodejs\\node.exe","C:\\Users\\S536979\\Desktop\\mvc-app\\app.js"],"memoryUsage":{"rss":53989376,"heapTotal":33284096,"heapUsed":16637920,"external":19601680}},"os":{"loadavg":[0,0,0],"uptime":1108547},"trace":[{"column":14,"file":"net.js","function":"Server.setupListenHandle [as _listen2]","line":1300,"method":"setupListenHandle [as _listen2]","native":false},{"column":12,"file":"net.js","function":"listenInCluster","line":1348,"method":null,"native":false},{"column":7,"file":"net.js","function":"Server.listen","line":1436,"method":"listen","native":false},{"column":24,"file":"C:\\Users\\S536979\\Desktop\\mvc-app\\node_modules\\express\\lib\\application.js","function":"Function.listen","line":618,"method":"listen","native":false},{"column":5,"file":"C:\\Users\\S536979\\Desktop\\mvc-app\\app.js","function":null,"line":215,"method":null,"native":false},{"column":30,"file":"internal/modules/cjs/loader.js","function":"Module._compile","line":956,"method":"_compile","native":false},{"column":10,"file":"internal/modules/cjs/loader.js","function":"Module._extensions..js","line":973,"method":".js","native":false},{"column":32,"file":"internal/modules/cjs/loader.js","function":"Module.load","line":812,"method":"load","native":false},{"column":14,"file":"internal/modules/cjs/loader.js","function":"Module._load","line":724,"method":"_load","native":false},{"column":10,"file":"internal/modules/cjs/loader.js","function":"Module.runMain","line":1025,"method":"runMain","native":false},{"column":11,"file":"internal/main/run_main_module.js","function":null,"line":17,"method":null,"native":false}]}
{"message":"Environment variables loaded into process.env.","level":"info"}
{"message":"Running on 3004","level":"info"}
{"message":"Environment isProduction = true","level":"info"}
{"message":"MongoDB URL = mongodb+srv://Chinmayi:vaRdhana3420@cluster0-1x9kj.mongodb.net/test?retryWrites=true&w=majority","level":"info"}
{"message":"Loaded routing.","level":"info"}
{"message":"MongoDB event open","level":"info"}
{"message":"MongoDB connected mongodb+srv://Chinmayi:vaRdhana3420@cluster0-1x9kj.mongodb.net/test?retryWrites=true&w=majority\n","level":"info"}
{"message":"Seeding collection = courses","level":"info"}
{"message":"Seeding collection = sections","level":"info"}
{"message":"Seeding collection = students","level":"info"}
{"message":"GET /course","level":"debug"}
{"message":"Handling GET / [object Object]","level":"info"}
{"message":"GET /images/favicon-32x32.png","level":"debug"}
{"message":"GET /course/edit/2","level":"debug"}
{"message":"Handling GET /edit/:id [object Object]","level":"info"}
{"message":"RETURNING VIEW FOR[{\"SchoolNumber\":\"44\",\"CourseNumber\":\"564\",\"_id\":2,\"Name\":\"Object Oriented Programming\",\"inSpring\":false,\"inSummer\":false,\"inFall\":true,\"Department\":\"CSIS\"}]","level":"info"}
{"message":"Environment variables loaded into process.env.","level":"info"}
{"error":{"code":"EADDRINUSE","errno":"EADDRINUSE","syscall":"listen","address":"::","port":3004},"level":"error","message":"uncaughtException: listen EADDRINUSE: address already in use :::3004\nError: listen EADDRINUSE: address already in use :::3004\n    at Server.setupListenHandle [as _listen2] (net.js:1300:14)\n    at listenInCluster (net.js:1348:12)\n    at Server.listen (net.js:1436:7)\n    at Function.listen (C:\\Users\\S536979\\Desktop\\mvc-app\\node_modules\\express\\lib\\application.js:618:24)\n    at Object.<anonymous> (C:\\Users\\S536979\\Desktop\\mvc-app\\app.js:215:5)\n    at Module._compile (internal/modules/cjs/loader.js:956:30)\n    at Object.Module._extensions..js (internal/modules/cjs/loader.js:973:10)\n    at Module.load (internal/modules/cjs/loader.js:812:32)\n    at Function.Module._load (internal/modules/cjs/loader.js:724:14)\n    at Function.Module.runMain (internal/modules/cjs/loader.js:1025:10)\n    at internal/main/run_main_module.js:17:11","stack":"Error: listen EADDRINUSE: address already in use :::3004\n    at Server.setupListenHandle [as _listen2] (net.js:1300:14)\n    at listenInCluster (net.js:1348:12)\n    at Server.listen (net.js:1436:7)\n    at Function.listen (C:\\Users\\S536979\\Desktop\\mvc-app\\node_modules\\express\\lib\\application.js:618:24)\n    at Object.<anonymous> (C:\\Users\\S536979\\Desktop\\mvc-app\\app.js:215:5)\n    at Module._compile (internal/modules/cjs/loader.js:956:30)\n    at Object.Module._extensions..js (internal/modules/cjs/loader.js:973:10)\n    at Module.load (internal/modules/cjs/loader.js:812:32)\n    at Function.Module._load (internal/modules/cjs/loader.js:724:14)\n    at Function.Module.runMain (internal/modules/cjs/loader.js:1025:10)\n    at internal/main/run_main_module.js:17:11","exception":true,"date":"Tue Dec 03 2019 16:04:06 GMT-0600 (Central Standard Time)","process":{"pid":12960,"uid":null,"gid":null,"cwd":"C:\\Users\\S536979\\Desktop\\mvc-app","execPath":"C:\\Program Files\\nodejs\\node.exe","version":"v12.12.0","argv":["C:\\Program Files\\nodejs\\node.exe","C:\\Users\\S536979\\Desktop\\mvc-app\\app.js"],"memoryUsage":{"rss":54120448,"heapTotal":33021952,"heapUsed":16630840,"external":19592229}},"os":{"loadavg":[0,0,0],"uptime":1108622},"trace":[{"column":14,"file":"net.js","function":"Server.setupListenHandle [as _listen2]","line":1300,"method":"setupListenHandle [as _listen2]","native":false},{"column":12,"file":"net.js","function":"listenInCluster","line":1348,"method":null,"native":false},{"column":7,"file":"net.js","function":"Server.listen","line":1436,"method":"listen","native":false},{"column":24,"file":"C:\\Users\\S536979\\Desktop\\mvc-app\\node_modules\\express\\lib\\application.js","function":"Function.listen","line":618,"method":"listen","native":false},{"column":5,"file":"C:\\Users\\S536979\\Desktop\\mvc-app\\app.js","function":null,"line":215,"method":null,"native":false},{"column":30,"file":"internal/modules/cjs/loader.js","function":"Module._compile","line":956,"method":"_compile","native":false},{"column":10,"file":"internal/modules/cjs/loader.js","function":"Module._extensions..js","line":973,"method":".js","native":false},{"column":32,"file":"internal/modules/cjs/loader.js","function":"Module.load","line":812,"method":"load","native":false},{"column":14,"file":"internal/modules/cjs/loader.js","function":"Module._load","line":724,"method":"_load","native":false},{"column":10,"file":"internal/modules/cjs/loader.js","function":"Module.runMain","line":1025,"method":"runMain","native":false},{"column":11,"file":"internal/main/run_main_module.js","function":null,"line":17,"method":null,"native":false}]}
{"message":"Running on 3004","level":"info"}
{"message":"Environment isProduction = true","level":"info"}
{"message":"MongoDB URL = mongodb+srv://Chinmayi:vaRdhana3420@cluster0-1x9kj.mongodb.net/test?retryWrites=true&w=majority","level":"info"}
{"message":"Loaded routing.","level":"info"}
{"message":"MongoDB event open","level":"info"}
{"message":"MongoDB connected mongodb+srv://Chinmayi:vaRdhana3420@cluster0-1x9kj.mongodb.net/test?retryWrites=true&w=majority\n","level":"info"}
{"message":"Seeding collection = courses","level":"info"}
{"message":"Seeding collection = sections","level":"info"}
{"message":"Seeding collection = students","level":"info"}
{"message":"Environment variables loaded into process.env.","level":"info"}
{"error":{"code":"EADDRINUSE","errno":"EADDRINUSE","syscall":"listen","address":"::","port":3004},"level":"error","message":"uncaughtException: listen EADDRINUSE: address already in use :::3004\nError: listen EADDRINUSE: address already in use :::3004\n    at Server.setupListenHandle [as _listen2] (net.js:1300:14)\n    at listenInCluster (net.js:1348:12)\n    at Server.listen (net.js:1436:7)\n    at Function.listen (C:\\Users\\S536979\\Desktop\\mvc-app\\node_modules\\express\\lib\\application.js:618:24)\n    at Object.<anonymous> (C:\\Users\\S536979\\Desktop\\mvc-app\\app.js:215:5)\n    at Module._compile (internal/modules/cjs/loader.js:956:30)\n    at Object.Module._extensions..js (internal/modules/cjs/loader.js:973:10)\n    at Module.load (internal/modules/cjs/loader.js:812:32)\n    at Function.Module._load (internal/modules/cjs/loader.js:724:14)\n    at Function.Module.runMain (internal/modules/cjs/loader.js:1025:10)\n    at internal/main/run_main_module.js:17:11","stack":"Error: listen EADDRINUSE: address already in use :::3004\n    at Server.setupListenHandle [as _listen2] (net.js:1300:14)\n    at listenInCluster (net.js:1348:12)\n    at Server.listen (net.js:1436:7)\n    at Function.listen (C:\\Users\\S536979\\Desktop\\mvc-app\\node_modules\\express\\lib\\application.js:618:24)\n    at Object.<anonymous> (C:\\Users\\S536979\\Desktop\\mvc-app\\app.js:215:5)\n    at Module._compile (internal/modules/cjs/loader.js:956:30)\n    at Object.Module._extensions..js (internal/modules/cjs/loader.js:973:10)\n    at Module.load (internal/modules/cjs/loader.js:812:32)\n    at Function.Module._load (internal/modules/cjs/loader.js:724:14)\n    at Function.Module.runMain (internal/modules/cjs/loader.js:1025:10)\n    at internal/main/run_main_module.js:17:11","exception":true,"date":"Tue Dec 03 2019 16:11:30 GMT-0600 (Central Standard Time)","process":{"pid":15456,"uid":null,"gid":null,"cwd":"C:\\Users\\S536979\\Desktop\\mvc-app","execPath":"C:\\Program Files\\nodejs\\node.exe","version":"v12.12.0","argv":["C:\\Program Files\\nodejs\\node.exe","C:\\Users\\S536979\\Desktop\\mvc-app\\app.js"],"memoryUsage":{"rss":51113984,"heapTotal":31186944,"heapUsed":20195496,"external":20051782}},"os":{"loadavg":[0,0,0],"uptime":1109065},"trace":[{"column":14,"file":"net.js","function":"Server.setupListenHandle [as _listen2]","line":1300,"method":"setupListenHandle [as _listen2]","native":false},{"column":12,"file":"net.js","function":"listenInCluster","line":1348,"method":null,"native":false},{"column":7,"file":"net.js","function":"Server.listen","line":1436,"method":"listen","native":false},{"column":24,"file":"C:\\Users\\S536979\\Desktop\\mvc-app\\node_modules\\express\\lib\\application.js","function":"Function.listen","line":618,"method":"listen","native":false},{"column":5,"file":"C:\\Users\\S536979\\Desktop\\mvc-app\\app.js","function":null,"line":215,"method":null,"native":false},{"column":30,"file":"internal/modules/cjs/loader.js","function":"Module._compile","line":956,"method":"_compile","native":false},{"column":10,"file":"internal/modules/cjs/loader.js","function":"Module._extensions..js","line":973,"method":".js","native":false},{"column":32,"file":"internal/modules/cjs/loader.js","function":"Module.load","line":812,"method":"load","native":false},{"column":14,"file":"internal/modules/cjs/loader.js","function":"Module._load","line":724,"method":"_load","native":false},{"column":10,"file":"internal/modules/cjs/loader.js","function":"Module.runMain","line":1025,"method":"runMain","native":false},{"column":11,"file":"internal/main/run_main_module.js","function":null,"line":17,"method":null,"native":false}]}
{"message":"Running on 3004","level":"info"}
{"message":"Environment isProduction = true","level":"info"}
{"message":"MongoDB URL = mongodb+srv://Chinmayi:vaRdhana3420@cluster0-1x9kj.mongodb.net/test?retryWrites=true&w=majority","level":"info"}
{"message":"Loaded routing.","level":"info"}
{"message":"MongoDB event open","level":"info"}
{"message":"MongoDB connected mongodb+srv://Chinmayi:vaRdhana3420@cluster0-1x9kj.mongodb.net/test?retryWrites=true&w=majority\n","level":"info"}
{"message":"Seeding collection = courses","level":"info"}
{"message":"Seeding collection = sections","level":"info"}
{"message":"Seeding collection = students","level":"info"}
{"message":"GET /course/edit/2","level":"debug"}
{"message":"Handling GET /edit/:id [object Object]","level":"info"}
{"message":"RETURNING VIEW FOR[{\"SchoolNumber\":\"44\",\"CourseNumber\":\"564\",\"_id\":2,\"Name\":\"Object Oriented Programming\",\"inSpring\":false,\"inSummer\":false,\"inFall\":true,\"Department\":\"CSIS\"}]","level":"info"}
{"message":"GET /images/favicon-32x32.png","level":"debug"}
{"message":"GET /course","level":"debug"}
{"message":"Handling GET / [object Object]","level":"info"}
{"message":"GET /course/edit/5","level":"debug"}
{"message":"Handling GET /edit/:id [object Object]","level":"info"}
{"message":"RETURNING VIEW FOR[{\"SchoolNumber\":null,\"CourseNumber\":null,\"_id\":5,\"Name\":\"Machine Learning\",\"inSpring\":false,\"inSummer\":true,\"inFall\":false,\"Department\":\"CSIS\"}]","level":"info"}
{"message":"POST /course/save/5","level":"debug"}
{"message":"Handling SAVE request [object Object]","level":"info"}
{"message":"Handling SAVING ID=5","level":"info"}
{"message":"ORIGINAL VALUES {\"n\":1,\"nModified\":1,\"opTime\":{\"ts\":\"6766339203794993153\",\"t\":3},\"electionId\":\"7fffffff0000000000000003\",\"ok\":1,\"operationTime\":\"6766339203794993153\",\"$clusterTime\":{\"clusterTime\":\"6766339203794993153\",\"signature\":{\"hash\":\"k6wkA3T2Rix54FnX1zGtnOcUpgM=\",\"keyId\":\"6757852455792279553\"}}}","level":"info"}
{"message":"UPDATED VALUES: {\"SchoolNumber\":\"44\",\"CourseNumber\":\"563\",\"Name\":\"Machine Learning\",\"inSpring\":\"false\",\"inSummer\":\"true\",\"inFall\":\"false\",\"Department\":\"CS\"}","level":"info"}
{"message":"SAVING UPDATED item {\"n\":1,\"nModified\":1,\"opTime\":{\"ts\":\"6766339203794993153\",\"t\":3},\"electionId\":\"7fffffff0000000000000003\",\"ok\":1,\"operationTime\":\"6766339203794993153\",\"$clusterTime\":{\"clusterTime\":\"6766339203794993153\",\"signature\":{\"hash\":\"k6wkA3T2Rix54FnX1zGtnOcUpgM=\",\"keyId\":\"6757852455792279553\"}}}","level":"info"}
{"message":"GET /course","level":"debug"}
{"message":"Handling GET / [object Object]","level":"info"}
{"message":"GET /course/edit/2","level":"debug"}
{"message":"Handling GET /edit/:id [object Object]","level":"info"}
{"message":"RETURNING VIEW FOR[{\"SchoolNumber\":\"44\",\"CourseNumber\":\"564\",\"_id\":2,\"Name\":\"Object Oriented Programming\",\"inSpring\":false,\"inSummer\":false,\"inFall\":true,\"Department\":\"CSIS\"}]","level":"info"}
{"message":"POST /course/save/2","level":"debug"}
{"message":"Handling SAVE request [object Object]","level":"info"}
{"message":"Handling SAVING ID=2","level":"info"}
{"message":"ORIGINAL VALUES {\"n\":1,\"nModified\":1,\"opTime\":{\"ts\":\"6766339298284273666\",\"t\":3},\"electionId\":\"7fffffff0000000000000003\",\"ok\":1,\"operationTime\":\"6766339298284273666\",\"$clusterTime\":{\"clusterTime\":\"6766339298284273666\",\"signature\":{\"hash\":\"VQeYbZk+A6/HUF6MB16WgkLAJUc=\",\"keyId\":\"6757852455792279553\"}}}","level":"info"}
{"message":"UPDATED VALUES: {\"SchoolNumber\":\"44\",\"CourseNumber\":\"564\",\"Name\":\"Object Oriented Programming\",\"inSpring\":\"false\",\"inSummer\":\"false\",\"inFall\":\"true\",\"Department\":\"csis\"}","level":"info"}
{"message":"SAVING UPDATED item {\"n\":1,\"nModified\":1,\"opTime\":{\"ts\":\"6766339298284273666\",\"t\":3},\"electionId\":\"7fffffff0000000000000003\",\"ok\":1,\"operationTime\":\"6766339298284273666\",\"$clusterTime\":{\"clusterTime\":\"6766339298284273666\",\"signature\":{\"hash\":\"VQeYbZk+A6/HUF6MB16WgkLAJUc=\",\"keyId\":\"6757852455792279553\"}}}","level":"info"}
{"message":"GET /course","level":"debug"}
{"message":"Handling GET / [object Object]","level":"info"}
{"message":"GET /course/create","level":"debug"}
{"message":"Handling GET /create [object Object]","level":"info"}
{"message":"POST /course/save","level":"debug"}
{"message":"GET /course","level":"debug"}
{"message":"Handling GET / [object Object]","level":"info"}
{"message":"GET /course/details/3","level":"debug"}
{"message":"Handling GET /details/:id [object Object]","level":"info"}
{"message":"RETURNING VIEW FOR [{\"SchoolNumber\":null,\"CourseNumber\":null,\"_id\":3,\"Name\":\"Advanced DataBase systems\",\"inSpring\":false,\"inSummer\":false,\"inFall\":true,\"Department\":\"CS\"}]","level":"info"}
{"message":"GET /course?","level":"debug"}
{"message":"Handling GET / [object Object]","level":"info"}
{"message":"GET /course/create","level":"debug"}
{"message":"Handling GET /create [object Object]","level":"info"}
